<?xml version="1.0" encoding="UTF-8"?>
<!-- Generated by org.testng.reporters.JUnitReportReporter -->
<testsuite skipped="0" hostname="DESKTOP-Q00F70N" name="SelectTest" tests="2" failures="0" timestamp="27 May 2021 17:19:45 GMT" time="7.136" errors="0">
  <testcase name="testDropdown" time="3.413" classname="SelectTest"/>
  <testcase name="testMultipleSelectList" time="3.723" classname="SelectTest"/>
</testsuite> <!-- SelectTest -->
