<?xml version="1.0" encoding="UTF-8"?>
<!-- Generated by org.testng.reporters.JUnitReportReporter -->
<testsuite skipped="0" hostname="DESKTOP-Q00F70N" name="AlertsTest" tests="4" failures="0" timestamp="27 May 2021 17:19:45 GMT" time="0.922" errors="0">
  <testcase name="testConfirmDismiss" time="0.169" classname="AlertsTest"/>
  <testcase name="testSimpleAlert" time="0.206" classname="AlertsTest"/>
  <testcase name="testConfirmAccept" time="0.318" classname="AlertsTest"/>
  <testcase name="testPrompt" time="0.229" classname="AlertsTest"/>
</testsuite> <!-- AlertsTest -->
