<?xml version="1.0" encoding="UTF-8"?>
<!-- Generated by org.testng.reporters.JUnitReportReporter -->
<testsuite skipped="0" hostname="DESKTOP-Q00F70N" name="DragDropTest" tests="1" failures="0" timestamp="27 May 2021 17:19:45 GMT" time="3.393" errors="0">
  <testcase name="testDragDrop" time="3.393" classname="DragDropTest"/>
</testsuite> <!-- DragDropTest -->
