<?xml version="1.0" encoding="UTF-8"?>
<!-- Generated by org.testng.reporters.JUnitReportReporter -->
<testsuite skipped="0" hostname="DESKTOP-Q00F70N" name="FramesTest" tests="4" failures="0" timestamp="27 May 2021 17:19:45 GMT" time="2.459" errors="0">
  <testcase name="testFrameByContents" time="0.170" classname="FramesTest"/>
  <testcase name="testFrameWithIdOrName" time="0.200" classname="FramesTest"/>
  <testcase name="testFrameByIndex" time="0.063" classname="FramesTest"/>
  <testcase name="testIFrame" time="2.026" classname="FramesTest"/>
</testsuite> <!-- FramesTest -->
