<?xml version="1.0" encoding="UTF-8"?>
<!-- Generated by org.testng.reporters.JUnitReportReporter -->
<testsuite skipped="0" hostname="DESKTOP-Q00F70N" name="WindowPopupTest" tests="3" failures="0" timestamp="27 May 2021 17:19:45 GMT" time="1.379" errors="0">
  <testcase name="testWindowPopup" time="0.480" classname="WindowPopupTest"/>
  <testcase name="testWindowPopupUsingTitle" time="0.421" classname="WindowPopupTest"/>
  <testcase name="testWindowPopupUsingContents" time="0.478" classname="WindowPopupTest"/>
</testsuite> <!-- WindowPopupTest -->
